Arguments: 
  /Users/andriizilnyk/.nvm/versions/node/v16.18.0/bin/node /usr/local/Cellar/yarn/1.22.19/libexec/bin/yarn.js

PATH: 
  /Users/andriizilnyk/.nvm/versions/node/v16.18.0/bin:/usr/local/bin:/usr/bin:/bin:/usr/sbin:/sbin:/usr/local/MacGPG2/bin:/usr/local/share/dotnet:~/.dotnet/tools:/Library/Apple/usr/bin:/Library/Frameworks/Mono.framework/Versions/Current/Commands

Yarn version: 
  1.22.19

Node version: 
  16.18.0

Platform: 
  darwin x64

Trace: 
  Error: https://dpduk-t-continuous-integration.appspot.com/react-native/-/react-native-0.69.6.tgz: Request failed "500 Internal Server Error"
      at ResponseError.ExtendableBuiltin (/usr/local/Cellar/yarn/1.22.19/libexec/lib/cli.js:696:66)
      at new ResponseError (/usr/local/Cellar/yarn/1.22.19/libexec/lib/cli.js:802:124)
      at Request.<anonymous> (/usr/local/Cellar/yarn/1.22.19/libexec/lib/cli.js:66215:16)
      at Request.emit (node:events:513:28)
      at Request.module.exports.Request.onRequestResponse (/usr/local/Cellar/yarn/1.22.19/libexec/lib/cli.js:141767:10)
      at ClientRequest.emit (node:events:513:28)
      at HTTPParser.parserOnIncomingClient (node:_http_client:693:27)
      at HTTPParser.parserOnHeadersComplete (node:_http_common:128:17)
      at HTTPParser.execute (<anonymous>)
      at TLSSocket.socketOnData (node:_http_client:534:22)

npm manifest: 
  {
    "name": "01_first_app",
    "version": "1.0.0",
    "main": "node_modules/expo/AppEntry.js",
    "scripts": {
      "start": "expo start",
      "android": "expo start --android",
      "ios": "expo start --ios",
      "web": "expo start --web"
    },
    "dependencies": {
      "expo": "~46.0.16",
      "expo-status-bar": "~1.4.0",
      "react": "18.0.0",
      "react-native": "0.69.6"
    },
    "devDependencies": {
      "@babel/core": "^7.12.9"
    },
    "private": true
  }

yarn manifest: 
  No manifest

Lockfile: 
  No lockfile
